INFO playlist start 洛天依AI 7427897004
INFO music saved 1991850419 青芽（Phigros Ver.）- 洛天依（ACE Studio COVER）
INFO music saved 1990451896 临别的脚步声 feat. 洛天依 AI
INFO music saved 1993194056 Monster！Monster！
INFO music saved 1989787980 南山南（AI洛天依）
INFO music saved 1992386047 亲爱的双子星
INFO music saved 1988449302 芒种
INFO music saved 1993049339 青芽（Full Ver.）- 洛天依（ACE Studio COVER）
INFO music saved 1991506019 平凡之路（AI洛天依）
INFO music saved 1992544234 浏阳河2008（Cover：周笔畅、李谷一）
INFO music saved 1986666502 将就过呗
INFO music saved 1986548303 begonia（feat. 洛天依ACE）
INFO music saved 1986523852 写给我亲爱的你
INFO music saved 1986415904 【洛天依AI翻调】大鱼
INFO music saved 1986718687 生きる/活着
INFO music saved 1988321217 别害怕了
INFO music saved 1984905365 寻遍星空 - 洛天依AI
INFO music saved 1986743401 ∞ TIMEs
INFO music saved 1991344386 手心的夏天（feat.洛天依ACE）
INFO music saved 1970864953 红灯笼
INFO music saved 1977588969 我唱人间
INFO music saved 1982530476 失眠飞行（AI洛天依）
INFO music saved 1985525910 晚安
INFO music saved 1988280080 自卫者 (洛天依AI)
INFO music saved 1985159955 没有寄出的信（Cover：邓丽君AI&凌音引擎）
INFO music saved 1982807567 【洛天依】日落色砂糖（Feat.乐正绫）
INFO music saved 1984113120 拼凑的断音（中文版）
INFO music saved 1982204884 Last丨Moment (中文填词)
INFO music saved 1989044332 【明日方舟/水月同人曲】镜漪【feat.洛天依AI】
INFO music saved 1982464132 无能为力helpless
INFO music saved 1983720038 耍把戏（AI洛天依）
INFO music saved 1982462623 内耗
INFO music saved 1986730655 共鸣
INFO music saved 1983067157 依梦星尘
INFO music saved 1981321731 矛盾的人类物种
INFO music saved 1981237795 十二镇魂歌-洛天依AI（ACE STUDIO COVER）
INFO music saved 1979009849 66CCFF
INFO music saved 1980503751 小小气球
INFO music saved 1981357074 恋星癖
INFO music saved 1980516053 【洛天依AI】《云破灰烬之日》（《僕らの手には何もないけど、》填词）—讲给压抑者的故事
INFO music saved 1983306954 世末歌者（AI洛天依）
INFO music saved 1980342076 【洛天依原创】魔法花园
INFO music saved 1979009854 纯蓝
INFO music saved 1981482184 【洛天依AI】佳木斯(天狼c remix)
INFO music saved 1977276836 老街北-洛天依AI
INFO music saved 1979007500 万分之一的光
INFO music saved 1981835448 若人生只有跌落呢
INFO music saved 1979007503 一半一半
INFO music saved 1979007508 为了你唱下去
INFO music saved 1979007495 心印
INFO music saved 1979009861 光与影的对白
INFO music saved 1979760200 天方夜谭漫游指南
INFO music saved 1978275988 【洛天依】衡光
INFO music saved 1979009858 I LOVE U
INFO music saved 1977302818 长街与梦
INFO music saved 1976239893 【洛天依】梨花又开放
INFO music saved 1976757181 【洛天依AI×火涟】灼之花【ACE COVER】
INFO music saved 1976471875 【洛天依AI】hello&bye, days（ACE Studio Cover）
INFO music saved 1976463590 【洛天依AI】世末积雨云（ACE Studio Cover）（翻自 COP）
INFO music saved 1982618854 摆烂
INFO music saved 1976366821 夜航星-洛天依AI（ACE Studio Cover）
INFO music saved 1976006833 【洛天依AI】三万光年
INFO music saved 1975219928 航向你的海岛-洛天依AI【原唱：泠鸢yousa】
INFO music saved 1976286511 【洛天依AI】透明【ACE Cover】
INFO music saved 1972447487 夏日降雨禁令
INFO music saved 1974612676 【洛天依AI原创】浮生半日（悦色project）
INFO music saved 1972584540 尘无己
INFO music saved 1972586747 侸侩俾
INFO music saved 1972586111 云英未嫁
INFO music saved 1977423706 【洛天依AI×荼鸢】灰烬【ACE COVER】
INFO music saved 1973540475 人鱼电台 feat.洛天依
INFO music saved 1971382810 【洛天依AI】凉雨
INFO music saved 1974075748 情有独钟
INFO music saved 1974004484 哈雷彗星
INFO music saved 1971197273 天黑以后（洛天依AI）
INFO music saved 1967518975 有点糟糕
INFO music saved 1965687934 洛天依印象曲·华风夏韵
INFO music saved 1967159980 四面台
INFO music saved 1965769593 山塘恋雨
INFO music saved 1965484413 最忧解
INFO music saved 1965291114 快乐解药【洛天依】
INFO music saved 1965138352 快乐手账
INFO music saved 1964439000 忆（VOCALOID本家）
INFO music saved 1963974791 河工与河伯
INFO music saved 1963971337 寒食路
INFO music saved 1951736713 沧浪歌
INFO music saved 1960875282 四季回文诗 洛天依AI
INFO music saved 1962600810 听雨（AI）
INFO music saved 1963434359 夜深了没有[重制]
INFO music saved 1962337778 知交共逍遥
INFO music saved 1963053471 光与影的对白
INFO music saved 1958642112 春游-洛天依
INFO music saved 1963303459 洛天依 - 10（From bottom to the top）
INFO music saved 1963526955 啥啊
INFO music saved 1962946905 蓝脸（vocaloid ver.）
INFO music saved 1962946869 暗恋人类日记
INFO music saved 1959279552 千年食谱颂（洛天依AI版）
INFO music saved 1958404663 梦游记
INFO music saved 1956818351 Reeeee
INFO music saved 1960586632 背道而驰 (洛天依AI)
INFO music saved 1957659395 春夜宴（洛天依AI ver.）
INFO music saved 1957367875 星光筑造少女
INFO music saved 1955248122 阵雨 (洛天依AI)
INFO music saved 1953088356 Moonblast ft. 洛天依AI
INFO music saved 1953097668 大眠
INFO music saved 1959014318 倾杯问
INFO music saved 1951813227 一重加害【洛天依AI】
INFO music saved 1951973985 这样这样（dida）
INFO music saved 1951814820 泠重乞愿【洛天依AI】
INFO music saved 1953039269 三月雨（洛天依AI）
INFO music saved 1951813239 三重爱恋【洛天依AI、言和】
INFO music saved 1951858327 长夜情歌
INFO music saved 1949687789 【百万填词】洛天依AI-10w播放我发给海猫【我在池袋看漂亮姐姐填翻】
INFO music saved 1950692320 万物与我同归于寂
INFO music saved 1950058584 水母之歌
INFO music saved 1949339717 把酒问月（feat.洛天依AI）
INFO music saved 1951800990 十指紧握 feat. 洛天依 AI
INFO music saved 1948466224 不问天（洛天依AI）
INFO music saved 1947399042 绝世丑角【洛天依AI】
INFO music saved 1947385902 莫吉托女孩的盛夏 洛天依AI.ver
INFO music saved 1948794686 破云来（feat.洛天依AI）
INFO music saved 1947144051 心空【洛天依AI】
INFO music saved 1925823243 秋江枫月夜
INFO music saved 1947138585 东京不太热【洛天依AI】
INFO music saved 1947782993 纸飞机(完全重制版)
INFO music saved 1947029270 吹灭小山河（洛天依AI）
INFO music saved 1947144048 世界沉睡童话【洛天依AI】
INFO music saved 1944786051 蜥蜴舞曲
INFO music saved 1947029372 烟雨行舟（feat.洛天依AI）
INFO music saved 1947131256 异样的风暴中心
INFO music saved 1947029827 人间不值得（洛天依AI）
INFO music saved 1946092625 前尘如梦 Feat. 洛天依AI
INFO music saved 1947799699 霜雪千年【洛天依AI】
INFO music saved 1953039409 不说再见（洛天依AI）
INFO music saved 1947144036 勾指起誓【洛天依AI】
